<?xml version="1.0" encoding="UTF-8"?>
<!-- Generated by org.testng.reporters.JUnitReportReporter -->
<testsuite hostname="DESKTOP-9N6VRCR" failures="0" tests="1" name="com.poo123.Launbrowser" time="20.725" errors="0" timestamp="2023-11-30T12:51:24 IST" skipped="0">
  <testcase classname="com.poo123.Launbrowser" name="chrometest" time="20.725"/>
  <system-out/>
</testsuite> <!-- com.poo123.Launbrowser -->
